Using pre-set license
Built from '2021.3/staging' branch; Version is '2021.3.33f1 (ee5a2aa03ab2) revision 15620650'; Using compiler version '192829333'; Build Type 'Release'
OS: 'Windows 11  (10.0.22631) 64bit Professional' Language: 'en' Physical Memory: 16291 MB
BatchMode: 1, IsHumanControllingUs: 0, StartBugReporterOnCrash: 0, Is64bit: 1, IsPro: 1

COMMAND LINE ARGUMENTS:
D:\Unity\2021.3.33f1\Editor\Unity.exe
-adb2
-batchMode
-noUpm
-name
AssetImportWorker2
-projectPath
D:/UnityProjects/GitRepos/Broskinny/DeadVoxel
-logFile
Logs/AssetImportWorker2.log
-srvPort
61826
Successfully changed project path to: D:/UnityProjects/GitRepos/Broskinny/DeadVoxel
D:/UnityProjects/GitRepos/Broskinny/DeadVoxel
[UnityMemory] Configuration Parameters - Can be set up in boot.config
    "memorysetup-bucket-allocator-granularity=16"
    "memorysetup-bucket-allocator-bucket-count=8"
    "memorysetup-bucket-allocator-block-size=33554432"
    "memorysetup-bucket-allocator-block-count=8"
    "memorysetup-main-allocator-block-size=16777216"
    "memorysetup-thread-allocator-block-size=16777216"
    "memorysetup-gfx-main-allocator-block-size=16777216"
    "memorysetup-gfx-thread-allocator-block-size=16777216"
    "memorysetup-cache-allocator-block-size=4194304"
    "memorysetup-typetree-allocator-block-size=2097152"
    "memorysetup-profiler-bucket-allocator-granularity=16"
    "memorysetup-profiler-bucket-allocator-bucket-count=8"
    "memorysetup-profiler-bucket-allocator-block-size=33554432"
    "memorysetup-profiler-bucket-allocator-block-count=8"
    "memorysetup-profiler-allocator-block-size=16777216"
    "memorysetup-profiler-editor-allocator-block-size=1048576"
    "memorysetup-temp-allocator-size-main=16777216"
    "memorysetup-job-temp-allocator-block-size=2097152"
    "memorysetup-job-temp-allocator-block-size-background=1048576"
    "memorysetup-job-temp-allocator-reduction-small-platforms=262144"
    "memorysetup-temp-allocator-size-background-worker=32768"
    "memorysetup-temp-allocator-size-job-worker=262144"
    "memorysetup-temp-allocator-size-preload-manager=33554432"
    "memorysetup-temp-allocator-size-nav-mesh-worker=65536"
    "memorysetup-temp-allocator-size-audio-worker=65536"
    "memorysetup-temp-allocator-size-cloud-worker=32768"
    "memorysetup-temp-allocator-size-gi-baking-worker=262144"
    "memorysetup-temp-allocator-size-gfx=262144"
Player connection [24968] Host "[IP] 26.40.162.148 [Port] 0 [Flags] 2 [Guid] 2623004311 [EditorId] 2623004311 [Version] 1048832 [Id] WindowsEditor(7,DESKTOP-LNFRAS3) [Debug] 1 [PackageName] WindowsEditor [ProjectName] Editor" joined multi-casting on [225.0.0.222:54997]...

Player connection [24968] Host "[IP] 26.40.162.148 [Port] 0 [Flags] 2 [Guid] 2623004311 [EditorId] 2623004311 [Version] 1048832 [Id] WindowsEditor(7,DESKTOP-LNFRAS3) [Debug] 1 [PackageName] WindowsEditor [ProjectName] Editor" joined alternative multi-casting on [225.0.0.222:34997]...

[Physics::Module] Initialized MultithreadedJobDispatcher with {0} workers.
Refreshing native plugins compatible for Editor in 93.16 ms, found 3 plugins.
Preloading 0 native plugins for Editor in 0.00 ms.
Initialize engine version: 2021.3.33f1 (ee5a2aa03ab2)
[Subsystems] Discovering subsystems at path D:/Unity/2021.3.33f1/Editor/Data/Resources/UnitySubsystems
[Subsystems] Discovering subsystems at path D:/UnityProjects/GitRepos/Broskinny/DeadVoxel/Assets
GfxDevice: creating device client; threaded=0; jobified=0
Direct3D:
    Version:  Direct3D 11.0 [level 11.1]
    Renderer: NVIDIA GeForce RTX 2060 (ID=0x1f15)
    Vendor:   NVIDIA
    VRAM:     5954 MB
    Driver:   31.0.15.5161
Initialize mono
Mono path[0] = 'D:/Unity/2021.3.33f1/Editor/Data/Managed'
Mono path[1] = 'D:/Unity/2021.3.33f1/Editor/Data/MonoBleedingEdge/lib/mono/unityjit-win32'
Mono config path = 'D:/Unity/2021.3.33f1/Editor/Data/MonoBleedingEdge/etc'
Using monoOptions --debugger-agent=transport=dt_socket,embedding=1,server=y,suspend=n,address=127.0.0.1:56824
Begin MonoManager ReloadAssembly
Registering precompiled unity dll's ...
Register platform support module: D:/Unity/2021.3.33f1/Editor/Data/PlaybackEngines/AndroidPlayer/UnityEditor.Android.Extensions.dll
Register platform support module: D:/Unity/2021.3.33f1/Editor/Data/PlaybackEngines/WindowsStandaloneSupport/UnityEditor.WindowsStandalone.Extensions.dll
Registered in 0.001578 seconds.
Native extension for WindowsStandalone target not found
Native extension for Android target not found
Android Extension - Scanning For ADB Devices 224 ms
Refreshing native plugins compatible for Editor in 80.30 ms, found 3 plugins.
Preloading 0 native plugins for Editor in 0.00 ms.
Mono: successfully reloaded assembly
- Completed reload, in  0.829 seconds
Domain Reload Profiling:
	ReloadAssembly (829ms)
		BeginReloadAssembly (80ms)
			ExecutionOrderSort (0ms)
			DisableScriptedObjects (0ms)
			BackupInstance (0ms)
			ReleaseScriptingObjects (0ms)
			CreateAndSetChildDomain (1ms)
		EndReloadAssembly (672ms)
			LoadAssemblies (79ms)
			RebuildTransferFunctionScriptingTraits (0ms)
			SetupTypeCache (107ms)
			ReleaseScriptCaches (0ms)
			RebuildScriptCaches (25ms)
			SetupLoadedEditorAssemblies (508ms)
				LogAssemblyErrors (0ms)
				InitializePlatformSupportModulesInManaged (302ms)
				SetLoadedEditorAssemblies (0ms)
				RefreshPlugins (80ms)
				BeforeProcessingInitializeOnLoad (1ms)
				ProcessInitializeOnLoadAttributes (88ms)
				ProcessInitializeOnLoadMethodAttributes (36ms)
				AfterProcessingInitializeOnLoad (0ms)
				EditorAssembliesLoaded (0ms)
			ExecutionOrderSort2 (0ms)
			AwakeInstancesAfterBackupRestoration (0ms)
Platform modules already initialized, skipping
Registering precompiled user dll's ...
Registered in 0.004909 seconds.
Begin MonoManager ReloadAssembly
Native extension for WindowsStandalone target not found
Native extension for Android target not found
Refreshing native plugins compatible for Editor in 1.30 ms, found 3 plugins.
Preloading 0 native plugins for Editor in 0.00 ms.
Package Manager log level set to [2]
[Package Manager] Server::EnsureServerProcessIsRunning -- launch failed, reason: Unity was launched with the -noUpm command-line argument
[Package Manager] Cannot connect to Unity Package Manager local server
Mono: successfully reloaded assembly
- Completed reload, in  1.772 seconds
Domain Reload Profiling:
	ReloadAssembly (1772ms)
		BeginReloadAssembly (114ms)
			ExecutionOrderSort (0ms)
			DisableScriptedObjects (5ms)
			BackupInstance (0ms)
			ReleaseScriptingObjects (0ms)
			CreateAndSetChildDomain (19ms)
		EndReloadAssembly (1570ms)
			LoadAssemblies (88ms)
			RebuildTransferFunctionScriptingTraits (0ms)
			SetupTypeCache (308ms)
			ReleaseScriptCaches (1ms)
			RebuildScriptCaches (64ms)
			SetupLoadedEditorAssemblies (1094ms)
				LogAssemblyErrors (0ms)
				InitializePlatformSupportModulesInManaged (17ms)
				SetLoadedEditorAssemblies (0ms)
				RefreshPlugins (1ms)
				BeforeProcessingInitializeOnLoad (73ms)
				ProcessInitializeOnLoadAttributes (977ms)
				ProcessInitializeOnLoadMethodAttributes (23ms)
				AfterProcessingInitializeOnLoad (2ms)
				EditorAssembliesLoaded (0ms)
			ExecutionOrderSort2 (0ms)
			AwakeInstancesAfterBackupRestoration (5ms)
Platform modules already initialized, skipping
========================================================================
Worker process is ready to serve import requests
Launched and connected shader compiler UnityShaderCompiler.exe after 0.05 seconds
Refreshing native plugins compatible for Editor in 0.74 ms, found 3 plugins.
Preloading 0 native plugins for Editor in 0.00 ms.
Unloading 4161 Unused Serialized files (Serialized files now loaded: 0)
Unloading 62 unused Assets / (1.4 MB). Loaded Objects now: 4604.
Memory consumption went from 166.9 MB to 165.5 MB.
Total: 4.182900 ms (FindLiveObjects: 0.355900 ms CreateObjectMapping: 0.277000 ms MarkObjects: 3.176900 ms  DeleteObjects: 0.371900 ms)

AssetImportParameters requested are different than current active one (requested -> active):
  custom:video-decoder-ogg-theora: a1e56fd34408186e4bbccfd4996cb3dc -> 
  custom:container-muxer-webm: aa71ff27fc2769a1b78a27578f13a17b -> 
  custom:container-demuxer-webm: 4f35f7cbe854078d1ac9338744f61a02 -> 
  custom:video-encoder-webm-vp8: eb34c28f22e8b96e1ab97ce403110664 -> 
  custom:CustomObjectIndexerAttribute: bc11b3a6c3213fcdd17b65e7da85e133 -> 
  custom:audio-encoder-webm-vorbis: bf7c407c2cedff20999df2af8eb42d56 -> 
  custom:framework-win-MediaFoundation: 216162199b28c13a410421893ffa2e32 -> 
  custom:SearchIndexIgnoredProperties: e643bd26f0fe6173181afceb89e7c659 -> 
  custom:container-demuxer-ogg: 62fdf1f143b41e24485cea50d1cbac27 -> 
  custom:video-decoder-webm-vp8: 9c59270c3fd7afecdb556c50c9e8de78 -> 
  custom:audio-decoder-ogg-vorbis: bf7c407c2cedff20999df2af8eb42d56 -> 
========================================================================
Received Import Request.
  Time since last request: 87724.946326 seconds.
  path: Assets/Scripts
  artifactKey: Guid(29cae7dfd5fe5034c94d4686432a27cd) Importer(815301076,1909f56bfc062723c751e8b465ee728b)
Number of updated assets reloaded before import = 0
Start importing Assets/Scripts using Guid(29cae7dfd5fe5034c94d4686432a27cd) Importer(815301076,1909f56bfc062723c751e8b465ee728b)  -> (artifact id: 'b97a8b41f61280193dd8e2515f9bf82d') in 0.009223 seconds 
Number of asset objects unloaded after import = 0
========================================================================
Received Import Request.
  Time since last request: 3.873005 seconds.
  path: Assets/Scripts/Winning.cs
  artifactKey: Guid(0b0bcdfd9592d7b49becf20e4629d5f5) Importer(815301076,1909f56bfc062723c751e8b465ee728b)
Number of updated assets reloaded before import = 0
Start importing Assets/Scripts/Winning.cs using Guid(0b0bcdfd9592d7b49becf20e4629d5f5) Importer(815301076,1909f56bfc062723c751e8b465ee728b)  -> (artifact id: '83e0d368abc0d9a2db321f29b8d11fff') in 0.022811 seconds 
Number of asset objects unloaded after import = 0
========================================================================
Received Import Request.
  Time since last request: 12.271570 seconds.
  path: Assets/Scripts/Unit.cs
  artifactKey: Guid(340a2a61df5231346bf79694b16c1a2d) Importer(815301076,1909f56bfc062723c751e8b465ee728b)
Number of updated assets reloaded before import = 0
Start importing Assets/Scripts/Unit.cs using Guid(340a2a61df5231346bf79694b16c1a2d) Importer(815301076,1909f56bfc062723c751e8b465ee728b)  -> (artifact id: 'bd876325f5746a01ff47062fb97a2acc') in 0.006160 seconds 
Number of asset objects unloaded after import = 0
========================================================================
Received Import Request.
  Time since last request: 0.350282 seconds.
  path: Assets/Scripts/StartGame.cs
  artifactKey: Guid(514ca86d2790df24fbab2e7e11135cd8) Importer(815301076,1909f56bfc062723c751e8b465ee728b)
Number of updated assets reloaded before import = 0
Start importing Assets/Scripts/StartGame.cs using Guid(514ca86d2790df24fbab2e7e11135cd8) Importer(815301076,1909f56bfc062723c751e8b465ee728b)  -> (artifact id: '0bd6f7da4c3e330dde0769731c9500fc') in 0.008322 seconds 
Number of asset objects unloaded after import = 0
========================================================================
Received Import Request.
  Time since last request: 0.398007 seconds.
  path: Assets/Scripts/PhysicalBodyPart.cs
  artifactKey: Guid(23065cae1568c8844af1c04b08e02ba7) Importer(815301076,1909f56bfc062723c751e8b465ee728b)
Number of updated assets reloaded before import = 0
Start importing Assets/Scripts/PhysicalBodyPart.cs using Guid(23065cae1568c8844af1c04b08e02ba7) Importer(815301076,1909f56bfc062723c751e8b465ee728b)  -> (artifact id: 'f138e55ad576388d31898f8756066f48') in 0.012488 seconds 
Number of asset objects unloaded after import = 0
========================================================================
Received Import Request.
  Time since last request: 0.307582 seconds.
  path: Assets/Scripts/Losing.cs
  artifactKey: Guid(aa1e6ba77aea118409d379365019843a) Importer(815301076,1909f56bfc062723c751e8b465ee728b)
Number of updated assets reloaded before import = 0
Start importing Assets/Scripts/Losing.cs using Guid(aa1e6ba77aea118409d379365019843a) Importer(815301076,1909f56bfc062723c751e8b465ee728b)  -> (artifact id: '08d0b8931d9fbe662c921e513046b6c5') in 0.006154 seconds 
Number of asset objects unloaded after import = 0
========================================================================
Received Import Request.
  Time since last request: 1.314216 seconds.
  path: Assets/Scripts/EnterInGameWindow.cs
  artifactKey: Guid(8a774c45f76c31b4ba695bcda171e19f) Importer(815301076,1909f56bfc062723c751e8b465ee728b)
Number of updated assets reloaded before import = 0
Start importing Assets/Scripts/EnterInGameWindow.cs using Guid(8a774c45f76c31b4ba695bcda171e19f) Importer(815301076,1909f56bfc062723c751e8b465ee728b)  -> (artifact id: '6c880f728ebbcc009338644cfe426c9b') in 0.005426 seconds 
Number of asset objects unloaded after import = 0
========================================================================
Received Import Request.
  Time since last request: 1.099469 seconds.
  path: Assets/Scripts/Flash.cs
  artifactKey: Guid(4eba00b5f6ab01b46a17153be3887506) Importer(815301076,1909f56bfc062723c751e8b465ee728b)
Number of updated assets reloaded before import = 0
Start importing Assets/Scripts/Flash.cs using Guid(4eba00b5f6ab01b46a17153be3887506) Importer(815301076,1909f56bfc062723c751e8b465ee728b)  -> (artifact id: '937db0483ee4a699746734920b058584') in 0.006057 seconds 
Number of asset objects unloaded after import = 0
========================================================================
Received Import Request.
  Time since last request: 4.610658 seconds.
  path: Assets/Scripts/PlayerController.cs
  artifactKey: Guid(cbf9358e99ca17d459cda880415734da) Importer(815301076,1909f56bfc062723c751e8b465ee728b)
Number of updated assets reloaded before import = 0
Start importing Assets/Scripts/PlayerController.cs using Guid(cbf9358e99ca17d459cda880415734da) Importer(815301076,1909f56bfc062723c751e8b465ee728b)  -> (artifact id: '602afba51bf0d69c1e7d3ec17fe7748a') in 0.012019 seconds 
Number of asset objects unloaded after import = 0
========================================================================
Received Import Request.
  Time since last request: 4.763072 seconds.
  path: Assets/Scripts/CharacterAnimator.cs
  artifactKey: Guid(59b8d6f511dc5c947ac9884e572fc475) Importer(815301076,1909f56bfc062723c751e8b465ee728b)
Number of updated assets reloaded before import = 0
Start importing Assets/Scripts/CharacterAnimator.cs using Guid(59b8d6f511dc5c947ac9884e572fc475) Importer(815301076,1909f56bfc062723c751e8b465ee728b)  -> (artifact id: 'a07617a1cafc5f76d2054457fca51b07') in 0.006152 seconds 
Number of asset objects unloaded after import = 0
========================================================================
Received Import Request.
  Time since last request: 10.435950 seconds.
  path: Assets/Scripts/Room's Menu
  artifactKey: Guid(bf6d822e83306d64c8f1b0627961f2d3) Importer(815301076,1909f56bfc062723c751e8b465ee728b)
Number of updated assets reloaded before import = 0
Start importing Assets/Scripts/Room's Menu using Guid(bf6d822e83306d64c8f1b0627961f2d3) Importer(815301076,1909f56bfc062723c751e8b465ee728b)  -> (artifact id: '9829df6e01ea4619d80a0b6545a12a8a') in 0.011254 seconds 
Number of asset objects unloaded after import = 0
========================================================================
Received Import Request.
  Time since last request: 0.445201 seconds.
  path: Assets/Scripts/Elevator
  artifactKey: Guid(8ddb0f2ecfc817e4fb3fcdafa93e1184) Importer(815301076,1909f56bfc062723c751e8b465ee728b)
Number of updated assets reloaded before import = 0
Start importing Assets/Scripts/Elevator using Guid(8ddb0f2ecfc817e4fb3fcdafa93e1184) Importer(815301076,1909f56bfc062723c751e8b465ee728b)  -> (artifact id: '2775c86b24efc2335c3f7bcc5cc64280') in 0.007315 seconds 
Number of asset objects unloaded after import = 0
========================================================================
Received Import Request.
  Time since last request: 0.501060 seconds.
  path: Assets/Scripts/Battery.cs
  artifactKey: Guid(3a8ea2dba6dbb794d982997f1a9a0a8a) Importer(815301076,1909f56bfc062723c751e8b465ee728b)
Number of updated assets reloaded before import = 0
Start importing Assets/Scripts/Battery.cs using Guid(3a8ea2dba6dbb794d982997f1a9a0a8a) Importer(815301076,1909f56bfc062723c751e8b465ee728b)  -> (artifact id: '44e9d6d9ebade23ab87607e02a254c2a') in 0.011805 seconds 
Number of asset objects unloaded after import = 0
